<?xml version="1.0" encoding="UTF-8"?>
<!DOCTYPE properties SYSTEM "http://java.sun.com/dtd/properties.dtd">
<properties>
	<comment>test-query.xml file</comment>

	<!-- TB_TEST 테이블 INSERT SQL -->
	<entry key="insert">
		INSERT INTO TB_TEST
		VALUES(?, ?, ?)
	</entry>
	
	<!-- TB_TEST 테이블 UPDATE SQL -->
	<entry key="update">
		UPDATE TB_TEST SET
		TEST_TITLE = ?,
		TEST_CONTENT = ?
		WHERE TEST_NO = ?
	</entry>
	
	
	
	
</properties>
